1582639931.704103 client started (30511): version 2.9a, socket /tmp//tmux-501/default, protocol 8
1582639931.704161 on Darwin 19.3.0 Darwin Kernel Version 19.3.0: Thu Jan  9 20:58:23 PST 2020; root:xnu-6153.81.5~1/RELEASE_X86_64; libevent 2.1.11-stable (select)
1582639931.704215 socket is /tmp//tmux-501/default
1582639931.704242 trying connect
1582639931.704367 add peer 0x7fcc40000000: 6 (0x0)
1582639931.705820 sending message 100 to peer 0x7fcc40000000 (4 bytes)
1582639931.705846 sending message 101 to peer 0x7fcc40000000 (16 bytes)
1582639931.705859 sending message 102 to peer 0x7fcc40000000 (13 bytes)
1582639931.705868 sending message 108 to peer 0x7fcc40000000 (20 bytes)
1582639931.705889 sending message 104 to peer 0x7fcc40000000 (0 bytes)
1582639931.705900 sending message 107 to peer 0x7fcc40000000 (4 bytes)
1582639931.705910 sending message 105 to peer 0x7fcc40000000 (28 bytes)
1582639931.705919 sending message 105 to peer 0x7fcc40000000 (16 bytes)
1582639931.705930 sending message 105 to peer 0x7fcc40000000 (23 bytes)
1582639931.705939 sending message 105 to peer 0x7fcc40000000 (14 bytes)
1582639931.705948 sending message 105 to peer 0x7fcc40000000 (33 bytes)
1582639931.705957 sending message 105 to peer 0x7fcc40000000 (30 bytes)
1582639931.705965 sending message 105 to peer 0x7fcc40000000 (16 bytes)
1582639931.705974 sending message 105 to peer 0x7fcc40000000 (21 bytes)
1582639931.705982 sending message 105 to peer 0x7fcc40000000 (14 bytes)
1582639931.705992 sending message 105 to peer 0x7fcc40000000 (16 bytes)
1582639931.706001 sending message 105 to peer 0x7fcc40000000 (57 bytes)
1582639931.706009 sending message 105 to peer 0x7fcc40000000 (27 bytes)
1582639931.706018 sending message 105 to peer 0x7fcc40000000 (60 bytes)
1582639931.706027 sending message 105 to peer 0x7fcc40000000 (19 bytes)
1582639931.706036 sending message 105 to peer 0x7fcc40000000 (28 bytes)
1582639931.706045 sending message 105 to peer 0x7fcc40000000 (13 bytes)
1582639931.706053 sending message 105 to peer 0x7fcc40000000 (66 bytes)
1582639931.706062 sending message 105 to peer 0x7fcc40000000 (32 bytes)
1582639931.706070 sending message 105 to peer 0x7fcc40000000 (35 bytes)
1582639931.706080 sending message 105 to peer 0x7fcc40000000 (671 bytes)
1582639931.706089 sending message 105 to peer 0x7fcc40000000 (54 bytes)
1582639931.706099 sending message 105 to peer 0x7fcc40000000 (24 bytes)
1582639931.706109 sending message 105 to peer 0x7fcc40000000 (12 bytes)
1582639931.706118 sending message 105 to peer 0x7fcc40000000 (17 bytes)
1582639931.706126 sending message 105 to peer 0x7fcc40000000 (22 bytes)
1582639931.706135 sending message 105 to peer 0x7fcc40000000 (14 bytes)
1582639931.706144 sending message 105 to peer 0x7fcc40000000 (14 bytes)
1582639931.706154 sending message 105 to peer 0x7fcc40000000 (32 bytes)
1582639931.706163 sending message 105 to peer 0x7fcc40000000 (17 bytes)
1582639931.706172 sending message 105 to peer 0x7fcc40000000 (23 bytes)
1582639931.706181 sending message 105 to peer 0x7fcc40000000 (19 bytes)
1582639931.706189 sending message 105 to peer 0x7fcc40000000 (21 bytes)
1582639931.706198 sending message 105 to peer 0x7fcc40000000 (15 bytes)
1582639931.706206 sending message 105 to peer 0x7fcc40000000 (20 bytes)
1582639931.706215 sending message 105 to peer 0x7fcc40000000 (17 bytes)
1582639931.706224 sending message 105 to peer 0x7fcc40000000 (8 bytes)
1582639931.706232 sending message 105 to peer 0x7fcc40000000 (26 bytes)
1582639931.706241 sending message 105 to peer 0x7fcc40000000 (28 bytes)
1582639931.706250 sending message 105 to peer 0x7fcc40000000 (61 bytes)
1582639931.706260 sending message 105 to peer 0x7fcc40000000 (16 bytes)
1582639931.706270 sending message 105 to peer 0x7fcc40000000 (26 bytes)
1582639931.706279 sending message 105 to peer 0x7fcc40000000 (15 bytes)
1582639931.706288 sending message 105 to peer 0x7fcc40000000 (65 bytes)
1582639931.706298 sending message 105 to peer 0x7fcc40000000 (55 bytes)
1582639931.706307 sending message 105 to peer 0x7fcc40000000 (54 bytes)
1582639931.706317 sending message 105 to peer 0x7fcc40000000 (19 bytes)
1582639931.706349 sending message 105 to peer 0x7fcc40000000 (24 bytes)
1582639931.706355 sending message 105 to peer 0x7fcc40000000 (82 bytes)
1582639931.706362 sending message 105 to peer 0x7fcc40000000 (20 bytes)
1582639931.706368 sending message 105 to peer 0x7fcc40000000 (103 bytes)
1582639931.706375 sending message 105 to peer 0x7fcc40000000 (22 bytes)
1582639931.706381 sending message 106 to peer 0x7fcc40000000 (0 bytes)
1582639931.706391 sending message 200 to peer 0x7fcc40000000 (4 bytes)
1582639931.706400 client loop enter
1582639931.707006 peer 0x7fcc40000000 message 211
1582639931.707025 client_write: sessions should be nested with care, unset $TMUX to force\n
1582639931.707050 peer 0x7fcc40000000 message 203
1582639931.707058 client loop exit
